<?xml version="1.0" encoding="UTF-8"?>
<testsuite xmlns:xsi="http://www.w3.org/2001/XMLSchema-instance" xsi:noNamespaceSchemaLocation="https://maven.apache.org/surefire/maven-surefire-plugin/xsd/surefire-test-report.xsd" name="com.moduscreate.bankaccount.BalanceResourceTest" time="3.263" tests="1" errors="1" skipped="0" failures="0">
  <properties>
    <property name="sun.desktop" value="gnome"/>
    <property name="awt.toolkit" value="sun.awt.X11.XToolkit"/>
    <property name="java.specification.version" value="11"/>
    <property name="sun.cpu.isalist" value=""/>
    <property name="sun.jnu.encoding" value="UTF-8"/>
    <property name="java.class.path" value="/home/pedroaroma/workspace/cqrs-quarkus-eks-master/balance-service/target/test-classes:/home/pedroaroma/workspace/cqrs-quarkus-eks-master/balance-service/target/classes:/home/pedroaroma/.m2/repository/io/quarkus/quarkus-resteasy/1.5.1.Final/quarkus-resteasy-1.5.1.Final.jar:/home/pedroaroma/.m2/repository/io/quarkus/quarkus-vertx-http/1.5.1.Final/quarkus-vertx-http-1.5.1.Final.jar:/home/pedroaroma/.m2/repository/io/quarkus/quarkus-development-mode-spi/1.5.1.Final/quarkus-development-mode-spi-1.5.1.Final.jar:/home/pedroaroma/.m2/repository/io/quarkus/security/quarkus-security/1.1.1.Final/quarkus-security-1.1.1.Final.jar:/home/pedroaroma/.m2/repository/jakarta/enterprise/jakarta.enterprise.cdi-api/2.0.2/jakarta.enterprise.cdi-api-2.0.2.jar:/home/pedroaroma/.m2/repository/jakarta/el/jakarta.el-api/3.0.3/jakarta.el-api-3.0.3.jar:/home/pedroaroma/.m2/repository/jakarta/interceptor/jakarta.interceptor-api/1.2.5/jakarta.interceptor-api-1.2.5.jar:/home/pedroaroma/.m2/repository/io/vertx/vertx-web/3.9.0/vertx-web-3.9.0.jar:/home/pedroaroma/.m2/repository/io/vertx/vertx-web-common/3.9.0/vertx-web-common-3.9.0.jar:/home/pedroaroma/.m2/repository/io/vertx/vertx-auth-common/3.9.0/vertx-auth-common-3.9.0.jar:/home/pedroaroma/.m2/repository/io/vertx/vertx-bridge-common/3.9.0/vertx-bridge-common-3.9.0.jar:/home/pedroaroma/.m2/repository/io/quarkus/quarkus-resteasy-server-common/1.5.1.Final/quarkus-resteasy-server-common-1.5.1.Final.jar:/home/pedroaroma/.m2/repository/io/quarkus/quarkus-resteasy-common/1.5.1.Final/quarkus-resteasy-common-1.5.1.Final.jar:/home/pedroaroma/.m2/repository/jakarta/validation/jakarta.validation-api/2.0.2/jakarta.validation-api-2.0.2.jar:/home/pedroaroma/.m2/repository/io/quarkus/quarkus-junit5/1.5.1.Final/quarkus-junit5-1.5.1.Final.jar:/home/pedroaroma/.m2/repository/io/quarkus/quarkus-bootstrap-core/1.5.1.Final/quarkus-bootstrap-core-1.5.1.Final.jar:/home/pedroaroma/.m2/repository/org/ow2/asm/asm/8.0.1/asm-8.0.1.jar:/home/pedroaroma/.m2/repository/org/apache/maven/maven-embedder/3.6.3/maven-embedder-3.6.3.jar:/home/pedroaroma/.m2/repository/org/apache/maven/maven-settings/3.6.3/maven-settings-3.6.3.jar:/home/pedroaroma/.m2/repository/org/apache/maven/maven-core/3.6.3/maven-core-3.6.3.jar:/home/pedroaroma/.m2/repository/org/apache/maven/maven-artifact/3.6.2/maven-artifact-3.6.2.jar:/home/pedroaroma/.m2/repository/org/codehaus/plexus/plexus-component-annotations/2.1.0/plexus-component-annotations-2.1.0.jar:/home/pedroaroma/.m2/repository/org/apache/maven/maven-plugin-api/3.6.3/maven-plugin-api-3.6.3.jar:/home/pedroaroma/.m2/repository/org/apache/maven/maven-model/3.6.3/maven-model-3.6.3.jar:/home/pedroaroma/.m2/repository/org/apache/maven/maven-model-builder/3.6.3/maven-model-builder-3.6.3.jar:/home/pedroaroma/.m2/repository/org/apache/maven/maven-builder-support/3.6.3/maven-builder-support-3.6.3.jar:/home/pedroaroma/.m2/repository/org/apache/maven/resolver/maven-resolver-api/1.4.1/maven-resolver-api-1.4.1.jar:/home/pedroaroma/.m2/repository/org/apache/maven/resolver/maven-resolver-util/1.4.1/maven-resolver-util-1.4.1.jar:/home/pedroaroma/.m2/repository/org/apache/maven/shared/maven-shared-utils/3.2.1/maven-shared-utils-3.2.1.jar:/home/pedroaroma/.m2/repository/com/google/inject/guice/4.2.1/guice-4.2.1-no_aop.jar:/home/pedroaroma/.m2/repository/com/google/guava/guava/27.0.1-jre/guava-27.0.1-jre.jar:/home/pedroaroma/.m2/repository/com/google/guava/failureaccess/1.0.1/failureaccess-1.0.1.jar:/home/pedroaroma/.m2/repository/com/google/guava/listenablefuture/9999.0-empty-to-avoid-conflict-with-guava/listenablefuture-9999.0-empty-to-avoid-conflict-with-guava.jar:/home/pedroaroma/.m2/repository/org/codehaus/plexus/plexus-utils/3.2.1/plexus-utils-3.2.1.jar:/home/pedroaroma/.m2/repository/org/codehaus/plexus/plexus-classworlds/2.5.2/plexus-classworlds-2.5.2.jar:/home/pedroaroma/.m2/repository/commons-cli/commons-cli/1.4/commons-cli-1.4.jar:/home/pedroaroma/.m2/repository/org/eclipse/sisu/org.eclipse.sisu.plexus/0.3.4/org.eclipse.sisu.plexus-0.3.4.jar:/home/pedroaroma/.m2/repository/org/apache/maven/maven-settings-builder/3.6.3/maven-settings-builder-3.6.3.jar:/home/pedroaroma/.m2/repository/org/codehaus/plexus/plexus-interpolation/1.25/plexus-interpolation-1.25.jar:/home/pedroaroma/.m2/repository/org/sonatype/plexus/plexus-sec-dispatcher/1.4/plexus-sec-dispatcher-1.4.jar:/home/pedroaroma/.m2/repository/org/sonatype/plexus/plexus-cipher/1.4/plexus-cipher-1.4.jar:/home/pedroaroma/.m2/repository/org/apache/maven/maven-resolver-provider/3.6.3/maven-resolver-provider-3.6.3.jar:/home/pedroaroma/.m2/repository/org/apache/maven/maven-repository-metadata/3.6.3/maven-repository-metadata-3.6.3.jar:/home/pedroaroma/.m2/repository/org/apache/maven/resolver/maven-resolver-spi/1.4.1/maven-resolver-spi-1.4.1.jar:/home/pedroaroma/.m2/repository/org/apache/maven/resolver/maven-resolver-impl/1.4.1/maven-resolver-impl-1.4.1.jar:/home/pedroaroma/.m2/repository/org/apache/maven/resolver/maven-resolver-connector-basic/1.4.1/maven-resolver-connector-basic-1.4.1.jar:/home/pedroaroma/.m2/repository/org/apache/maven/resolver/maven-resolver-transport-wagon/1.4.1/maven-resolver-transport-wagon-1.4.1.jar:/home/pedroaroma/.m2/repository/org/apache/maven/wagon/wagon-http/3.3.4/wagon-http-3.3.4.jar:/home/pedroaroma/.m2/repository/org/apache/maven/wagon/wagon-http-shared/3.3.4/wagon-http-shared-3.3.4.jar:/home/pedroaroma/.m2/repository/org/jsoup/jsoup/1.12.1/jsoup-1.12.1.jar:/home/pedroaroma/.m2/repository/org/apache/maven/wagon/wagon-provider-api/3.3.4/wagon-provider-api-3.3.4.jar:/home/pedroaroma/.m2/repository/org/apache/maven/wagon/wagon-file/3.3.4/wagon-file-3.3.4.jar:/home/pedroaroma/.m2/repository/org/jboss/logging/jboss-logging/3.3.2.Final/jboss-logging-3.3.2.Final.jar:/home/pedroaroma/.m2/repository/org/jboss/logging/commons-logging-jboss-logging/1.0.0.Final/commons-logging-jboss-logging-1.0.0.Final.jar:/home/pedroaroma/.m2/repository/org/eclipse/sisu/org.eclipse.sisu.inject/0.3.4/org.eclipse.sisu.inject-0.3.4.jar:/home/pedroaroma/.m2/repository/io/quarkus/quarkus-test-common/1.5.1.Final/quarkus-test-common-1.5.1.Final.jar:/home/pedroaroma/.m2/repository/io/quarkus/quarkus-core-deployment/1.5.1.Final/quarkus-core-deployment-1.5.1.Final.jar:/home/pedroaroma/.m2/repository/io/quarkus/gizmo/gizmo/1.0.3.Final/gizmo-1.0.3.Final.jar:/home/pedroaroma/.m2/repository/org/ow2/asm/asm-util/8.0.1/asm-util-8.0.1.jar:/home/pedroaroma/.m2/repository/org/ow2/asm/asm-tree/8.0.1/asm-tree-8.0.1.jar:/home/pedroaroma/.m2/repository/org/ow2/asm/asm-analysis/8.0.1/asm-analysis-8.0.1.jar:/home/pedroaroma/.m2/repository/io/quarkus/quarkus-builder/1.5.1.Final/quarkus-builder-1.5.1.Final.jar:/home/pedroaroma/.m2/repository/io/quarkus/quarkus-jsonp-deployment/1.5.1.Final/quarkus-jsonp-deployment-1.5.1.Final.jar:/home/pedroaroma/.m2/repository/org/jboss/jandex/2.1.3.Final/jandex-2.1.3.Final.jar:/home/pedroaroma/.m2/repository/org/junit/jupiter/junit-jupiter/5.6.2/junit-jupiter-5.6.2.jar:/home/pedroaroma/.m2/repository/org/junit/jupiter/junit-jupiter-api/5.6.2/junit-jupiter-api-5.6.2.jar:/home/pedroaroma/.m2/repository/org/apiguardian/apiguardian-api/1.1.0/apiguardian-api-1.1.0.jar:/home/pedroaroma/.m2/repository/org/opentest4j/opentest4j/1.2.0/opentest4j-1.2.0.jar:/home/pedroaroma/.m2/repository/org/junit/platform/junit-platform-commons/1.6.2/junit-platform-commons-1.6.2.jar:/home/pedroaroma/.m2/repository/org/junit/jupiter/junit-jupiter-params/5.6.2/junit-jupiter-params-5.6.2.jar:/home/pedroaroma/.m2/repository/org/junit/jupiter/junit-jupiter-engine/5.6.2/junit-jupiter-engine-5.6.2.jar:/home/pedroaroma/.m2/repository/org/junit/platform/junit-platform-engine/1.6.2/junit-platform-engine-1.6.2.jar:/home/pedroaroma/.m2/repository/io/quarkus/quarkus-core/1.5.1.Final/quarkus-core-1.5.1.Final.jar:/home/pedroaroma/.m2/repository/jakarta/inject/jakarta.inject-api/1.0/jakarta.inject-api-1.0.jar:/home/pedroaroma/.m2/repository/io/quarkus/quarkus-ide-launcher/1.5.1.Final/quarkus-ide-launcher-1.5.1.Final.jar:/home/pedroaroma/.m2/repository/io/smallrye/config/smallrye-config/1.7.0/smallrye-config-1.7.0.jar:/home/pedroaroma/.m2/repository/io/smallrye/config/smallrye-config-common/1.7.0/smallrye-config-common-1.7.0.jar:/home/pedroaroma/.m2/repository/org/jboss/logmanager/jboss-logmanager-embedded/1.0.4/jboss-logmanager-embedded-1.0.4.jar:/home/pedroaroma/.m2/repository/org/jboss/logging/jboss-logging-annotations/2.1.0.Final/jboss-logging-annotations-2.1.0.Final.jar:/home/pedroaroma/.m2/repository/org/jboss/threads/jboss-threads/3.1.1.Final/jboss-threads-3.1.1.Final.jar:/home/pedroaroma/.m2/repository/org/slf4j/slf4j-api/1.7.30/slf4j-api-1.7.30.jar:/home/pedroaroma/.m2/repository/org/jboss/slf4j/slf4j-jboss-logging/1.2.0.Final/slf4j-jboss-logging-1.2.0.Final.jar:/home/pedroaroma/.m2/repository/org/graalvm/sdk/graal-sdk/19.3.1/graal-sdk-19.3.1.jar:/home/pedroaroma/.m2/repository/org/wildfly/common/wildfly-common/1.5.4.Final-format-001/wildfly-common-1.5.4.Final-format-001.jar:/home/pedroaroma/.m2/repository/io/quarkus/quarkus-bootstrap-runner/1.5.1.Final/quarkus-bootstrap-runner-1.5.1.Final.jar:/home/pedroaroma/.m2/repository/com/thoughtworks/xstream/xstream/1.4.11.1/xstream-1.4.11.1.jar:/home/pedroaroma/.m2/repository/xmlpull/xmlpull/1.1.3.1/xmlpull-1.1.3.1.jar:/home/pedroaroma/.m2/repository/xpp3/xpp3_min/1.1.4c/xpp3_min-1.1.4c.jar:/home/pedroaroma/.m2/repository/io/rest-assured/rest-assured/4.3.0/rest-assured-4.3.0.jar:/home/pedroaroma/.m2/repository/org/codehaus/groovy/groovy/3.0.2/groovy-3.0.2.jar:/home/pedroaroma/.m2/repository/org/codehaus/groovy/groovy-xml/3.0.2/groovy-xml-3.0.2.jar:/home/pedroaroma/.m2/repository/org/apache/httpcomponents/httpclient/4.5.12/httpclient-4.5.12.jar:/home/pedroaroma/.m2/repository/org/apache/httpcomponents/httpcore/4.4.13/httpcore-4.4.13.jar:/home/pedroaroma/.m2/repository/commons-codec/commons-codec/1.14/commons-codec-1.14.jar:/home/pedroaroma/.m2/repository/org/apache/httpcomponents/httpmime/4.5.3/httpmime-4.5.3.jar:/home/pedroaroma/.m2/repository/org/hamcrest/hamcrest/2.1/hamcrest-2.1.jar:/home/pedroaroma/.m2/repository/org/ccil/cowan/tagsoup/tagsoup/1.2.1/tagsoup-1.2.1.jar:/home/pedroaroma/.m2/repository/io/rest-assured/json-path/4.3.0/json-path-4.3.0.jar:/home/pedroaroma/.m2/repository/org/codehaus/groovy/groovy-json/3.0.2/groovy-json-3.0.2.jar:/home/pedroaroma/.m2/repository/io/rest-assured/rest-assured-common/4.3.0/rest-assured-common-4.3.0.jar:/home/pedroaroma/.m2/repository/io/rest-assured/xml-path/4.3.0/xml-path-4.3.0.jar:/home/pedroaroma/.m2/repository/org/apache/commons/commons-lang3/3.9/commons-lang3-3.9.jar:/home/pedroaroma/.m2/repository/jakarta/xml/bind/jakarta.xml.bind-api/2.3.2/jakarta.xml.bind-api-2.3.2.jar:/home/pedroaroma/.m2/repository/jakarta/activation/jakarta.activation-api/1.2.1/jakarta.activation-api-1.2.1.jar:/home/pedroaroma/.m2/repository/org/apache/sling/org.apache.sling.javax.activation/0.1.0/org.apache.sling.javax.activation-0.1.0.jar:/home/pedroaroma/.m2/repository/io/quarkus/quarkus-hibernate-orm-panache/1.5.1.Final/quarkus-hibernate-orm-panache-1.5.1.Final.jar:/home/pedroaroma/.m2/repository/io/quarkus/quarkus-hibernate-orm-panache-common/1.5.1.Final/quarkus-hibernate-orm-panache-common-1.5.1.Final.jar:/home/pedroaroma/.m2/repository/io/quarkus/quarkus-arc/1.5.1.Final/quarkus-arc-1.5.1.Final.jar:/home/pedroaroma/.m2/repository/io/quarkus/arc/arc/1.5.1.Final/arc-1.5.1.Final.jar:/home/pedroaroma/.m2/repository/org/eclipse/microprofile/context-propagation/microprofile-context-propagation-api/1.0.1/microprofile-context-propagation-api-1.0.1.jar:/home/pedroaroma/.m2/repository/io/quarkus/quarkus-panache-common/1.5.1.Final/quarkus-panache-common-1.5.1.Final.jar:/home/pedroaroma/.m2/repository/io/quarkus/quarkus-jsonb/1.5.1.Final/quarkus-jsonb-1.5.1.Final.jar:/home/pedroaroma/.m2/repository/org/eclipse/yasson/1.0.7/yasson-1.0.7.jar:/home/pedroaroma/.m2/repository/jakarta/json/bind/jakarta.json.bind-api/1.0.2/jakarta.json.bind-api-1.0.2.jar:/home/pedroaroma/.m2/repository/io/quarkus/quarkus-jsonp/1.5.1.Final/quarkus-jsonp-1.5.1.Final.jar:/home/pedroaroma/.m2/repository/org/glassfish/jakarta.json/1.1.6/jakarta.json-1.1.6.jar:/home/pedroaroma/.m2/repository/io/quarkus/quarkus-hibernate-orm/1.5.1.Final/quarkus-hibernate-orm-1.5.1.Final.jar:/home/pedroaroma/.m2/repository/io/quarkus/quarkus-agroal/1.5.1.Final/quarkus-agroal-1.5.1.Final.jar:/home/pedroaroma/.m2/repository/io/quarkus/quarkus-datasource/1.5.1.Final/quarkus-datasource-1.5.1.Final.jar:/home/pedroaroma/.m2/repository/io/quarkus/quarkus-datasource-common/1.5.1.Final/quarkus-datasource-common-1.5.1.Final.jar:/home/pedroaroma/.m2/repository/org/jboss/narayana/jta/narayana-jta/5.10.4.Final/narayana-jta-5.10.4.Final.jar:/home/pedroaroma/.m2/repository/org/jboss/jboss-transaction-spi/7.6.0.Final/jboss-transaction-spi-7.6.0.Final.jar:/home/pedroaroma/.m2/repository/org/jboss/spec/javax/resource/jboss-connector-api_1.7_spec/1.0.0.Final/jboss-connector-api_1.7_spec-1.0.0.Final.jar:/home/pedroaroma/.m2/repository/org/jboss/narayana/jts/narayana-jts-integration/5.10.4.Final/narayana-jts-integration-5.10.4.Final.jar:/home/pedroaroma/.m2/repository/io/agroal/agroal-api/1.8/agroal-api-1.8.jar:/home/pedroaroma/.m2/repository/io/agroal/agroal-narayana/1.8/agroal-narayana-1.8.jar:/home/pedroaroma/.m2/repository/io/agroal/agroal-pool/1.8/agroal-pool-1.8.jar:/home/pedroaroma/.m2/repository/io/quarkus/quarkus-credentials/1.5.1.Final/quarkus-credentials-1.5.1.Final.jar:/home/pedroaroma/.m2/repository/io/quarkus/quarkus-narayana-jta/1.5.1.Final/quarkus-narayana-jta-1.5.1.Final.jar:/home/pedroaroma/.m2/repository/io/smallrye/smallrye-context-propagation-jta/1.0.13/smallrye-context-propagation-jta-1.0.13.jar:/home/pedroaroma/.m2/repository/io/smallrye/reactive/smallrye-reactive-converter-api/1.0.12/smallrye-reactive-converter-api-1.0.12.jar:/home/pedroaroma/.m2/repository/org/eclipse/microprofile/reactive-streams-operators/microprofile-reactive-streams-operators-api/1.0.1/microprofile-reactive-streams-operators-api-1.0.1.jar:/home/pedroaroma/.m2/repository/org/eclipse/microprofile/reactive-streams-operators/microprofile-reactive-streams-operators-core/1.0.1/microprofile-reactive-streams-operators-core-1.0.1.jar:/home/pedroaroma/.m2/repository/io/smallrye/reactive/smallrye-reactive-converter-mutiny/1.0.12/smallrye-reactive-converter-mutiny-1.0.12.jar:/home/pedroaroma/.m2/repository/org/hibernate/hibernate-core/5.4.16.Final/hibernate-core-5.4.16.Final.jar:/home/pedroaroma/.m2/repository/net/bytebuddy/byte-buddy/1.10.10/byte-buddy-1.10.10.jar:/home/pedroaroma/.m2/repository/antlr/antlr/2.7.7/antlr-2.7.7.jar:/home/pedroaroma/.m2/repository/com/fasterxml/classmate/1.3.4/classmate-1.3.4.jar:/home/pedroaroma/.m2/repository/org/dom4j/dom4j/2.1.3/dom4j-2.1.3.jar:/home/pedroaroma/.m2/repository/org/hibernate/common/hibernate-commons-annotations/5.1.0.Final/hibernate-commons-annotations-5.1.0.Final.jar:/home/pedroaroma/.m2/repository/org/hibernate/hibernate-graalvm/5.4.16.Final/hibernate-graalvm-5.4.16.Final.jar:/home/pedroaroma/.m2/repository/org/glassfish/jaxb/jaxb-runtime/2.3.3-b02/jaxb-runtime-2.3.3-b02.jar:/home/pedroaroma/.m2/repository/org/glassfish/jaxb/txw2/2.3.3-b02/txw2-2.3.3-b02.jar:/home/pedroaroma/.m2/repository/com/sun/istack/istack-commons-runtime/3.0.10/istack-commons-runtime-3.0.10.jar:/home/pedroaroma/.m2/repository/com/sun/activation/jakarta.activation/1.2.1/jakarta.activation-1.2.1.jar:/home/pedroaroma/.m2/repository/org/jboss/spec/javax/xml/bind/jboss-jaxb-api_2.3_spec/2.0.0.Final/jboss-jaxb-api_2.3_spec-2.0.0.Final.jar:/home/pedroaroma/.m2/repository/jakarta/persistence/jakarta.persistence-api/2.2.3/jakarta.persistence-api-2.2.3.jar:/home/pedroaroma/.m2/repository/jakarta/transaction/jakarta.transaction-api/1.3.3/jakarta.transaction-api-1.3.3.jar:/home/pedroaroma/.m2/repository/org/hibernate/quarkus-local-cache/0.1.0/quarkus-local-cache-0.1.0.jar:/home/pedroaroma/.m2/repository/com/github/ben-manes/caffeine/caffeine/2.8.4/caffeine-2.8.4.jar:/home/pedroaroma/.m2/repository/com/google/errorprone/error_prone_annotations/2.2.0/error_prone_annotations-2.2.0.jar:/home/pedroaroma/.m2/repository/io/quarkus/quarkus-caffeine/1.5.1.Final/quarkus-caffeine-1.5.1.Final.jar:/home/pedroaroma/.m2/repository/io/quarkus/quarkus-hibernate-validator/1.5.1.Final/quarkus-hibernate-validator-1.5.1.Final.jar:/home/pedroaroma/.m2/repository/org/hibernate/validator/hibernate-validator/6.1.5.Final/hibernate-validator-6.1.5.Final.jar:/home/pedroaroma/.m2/repository/org/glassfish/jakarta.el/3.0.3/jakarta.el-3.0.3.jar:/home/pedroaroma/.m2/repository/io/quarkus/quarkus-flyway/1.5.1.Final/quarkus-flyway-1.5.1.Final.jar:/home/pedroaroma/.m2/repository/org/flywaydb/flyway-core/6.4.2/flyway-core-6.4.2.jar:/home/pedroaroma/.m2/repository/io/quarkus/quarkus-resteasy-mutiny/1.5.1.Final/quarkus-resteasy-mutiny-1.5.1.Final.jar:/home/pedroaroma/.m2/repository/io/quarkus/quarkus-mutiny/1.5.1.Final/quarkus-mutiny-1.5.1.Final.jar:/home/pedroaroma/.m2/repository/io/smallrye/reactive/mutiny/0.5.0/mutiny-0.5.0.jar:/home/pedroaroma/.m2/repository/io/quarkus/quarkus-smallrye-context-propagation/1.5.1.Final/quarkus-smallrye-context-propagation-1.5.1.Final.jar:/home/pedroaroma/.m2/repository/io/smallrye/smallrye-context-propagation/1.0.13/smallrye-context-propagation-1.0.13.jar:/home/pedroaroma/.m2/repository/io/smallrye/smallrye-context-propagation-api/1.0.13/smallrye-context-propagation-api-1.0.13.jar:/home/pedroaroma/.m2/repository/io/smallrye/reactive/mutiny-context-propagation/0.5.0/mutiny-context-propagation-0.5.0.jar:/home/pedroaroma/.m2/repository/org/jboss/resteasy/resteasy-client/4.5.3.Final/resteasy-client-4.5.3.Final.jar:/home/pedroaroma/.m2/repository/org/jboss/resteasy/resteasy-client-api/4.5.3.Final/resteasy-client-api-4.5.3.Final.jar:/home/pedroaroma/.m2/repository/org/jboss/resteasy/resteasy-core-spi/4.5.3.Final/resteasy-core-spi-4.5.3.Final.jar:/home/pedroaroma/.m2/repository/org/jboss/resteasy/resteasy-core/4.5.3.Final/resteasy-core-4.5.3.Final.jar:/home/pedroaroma/.m2/repository/org/eclipse/microprofile/config/microprofile-config-api/1.4/microprofile-config-api-1.4.jar:/home/pedroaroma/.m2/repository/org/jboss/spec/javax/ws/rs/jboss-jaxrs-api_2.1_spec/2.0.1.Final/jboss-jaxrs-api_2.1_spec-2.0.1.Final.jar:/home/pedroaroma/.m2/repository/io/quarkus/quarkus-resteasy-jsonb/1.5.1.Final/quarkus-resteasy-jsonb-1.5.1.Final.jar:/home/pedroaroma/.m2/repository/org/jboss/resteasy/resteasy-json-binding-provider/4.5.3.Final/resteasy-json-binding-provider-4.5.3.Final.jar:/home/pedroaroma/.m2/repository/org/jboss/resteasy/resteasy-json-p-provider/4.5.3.Final/resteasy-json-p-provider-4.5.3.Final.jar:/home/pedroaroma/.m2/repository/commons-io/commons-io/2.6/commons-io-2.6.jar:/home/pedroaroma/.m2/repository/io/quarkus/quarkus-vertx/1.5.1.Final/quarkus-vertx-1.5.1.Final.jar:/home/pedroaroma/.m2/repository/io/quarkus/quarkus-netty/1.5.1.Final/quarkus-netty-1.5.1.Final.jar:/home/pedroaroma/.m2/repository/io/netty/netty-codec/4.1.49.Final/netty-codec-4.1.49.Final.jar:/home/pedroaroma/.m2/repository/io/netty/netty-common/4.1.49.Final/netty-common-4.1.49.Final.jar:/home/pedroaroma/.m2/repository/io/netty/netty-buffer/4.1.49.Final/netty-buffer-4.1.49.Final.jar:/home/pedroaroma/.m2/repository/io/netty/netty-transport/4.1.49.Final/netty-transport-4.1.49.Final.jar:/home/pedroaroma/.m2/repository/io/netty/netty-handler/4.1.49.Final/netty-handler-4.1.49.Final.jar:/home/pedroaroma/.m2/repository/io/netty/netty-resolver/4.1.49.Final/netty-resolver-4.1.49.Final.jar:/home/pedroaroma/.m2/repository/io/quarkus/quarkus-jackson/1.5.1.Final/quarkus-jackson-1.5.1.Final.jar:/home/pedroaroma/.m2/repository/com/fasterxml/jackson/core/jackson-databind/2.10.4/jackson-databind-2.10.4.jar:/home/pedroaroma/.m2/repository/com/fasterxml/jackson/core/jackson-annotations/2.10.4/jackson-annotations-2.10.4.jar:/home/pedroaroma/.m2/repository/com/fasterxml/jackson/core/jackson-core/2.10.4/jackson-core-2.10.4.jar:/home/pedroaroma/.m2/repository/com/fasterxml/jackson/datatype/jackson-datatype-jsr310/2.10.4/jackson-datatype-jsr310-2.10.4.jar:/home/pedroaroma/.m2/repository/com/fasterxml/jackson/datatype/jackson-datatype-jdk8/2.10.4/jackson-datatype-jdk8-2.10.4.jar:/home/pedroaroma/.m2/repository/com/fasterxml/jackson/module/jackson-module-parameter-names/2.10.4/jackson-module-parameter-names-2.10.4.jar:/home/pedroaroma/.m2/repository/io/quarkus/quarkus-vertx-core/1.5.1.Final/quarkus-vertx-core-1.5.1.Final.jar:/home/pedroaroma/.m2/repository/io/vertx/vertx-core/3.9.0/vertx-core-3.9.0.jar:/home/pedroaroma/.m2/repository/io/netty/netty-handler-proxy/4.1.49.Final/netty-handler-proxy-4.1.49.Final.jar:/home/pedroaroma/.m2/repository/io/netty/netty-codec-socks/4.1.49.Final/netty-codec-socks-4.1.49.Final.jar:/home/pedroaroma/.m2/repository/io/netty/netty-codec-http/4.1.49.Final/netty-codec-http-4.1.49.Final.jar:/home/pedroaroma/.m2/repository/io/netty/netty-codec-http2/4.1.49.Final/netty-codec-http2-4.1.49.Final.jar:/home/pedroaroma/.m2/repository/io/netty/netty-resolver-dns/4.1.49.Final/netty-resolver-dns-4.1.49.Final.jar:/home/pedroaroma/.m2/repository/io/netty/netty-codec-dns/4.1.49.Final/netty-codec-dns-4.1.49.Final.jar:/home/pedroaroma/.m2/repository/io/smallrye/reactive/smallrye-axle-generator/0.0.15/smallrye-axle-generator-0.0.15.jar:/home/pedroaroma/.m2/repository/io/reactivex/rxjava2/rxjava/2.2.19/rxjava-2.2.19.jar:/home/pedroaroma/.m2/repository/org/reactivestreams/reactive-streams/1.0.3/reactive-streams-1.0.3.jar:/home/pedroaroma/.m2/repository/io/smallrye/reactive/smallrye-axle-core/0.0.15/smallrye-axle-core-0.0.15.jar:/home/pedroaroma/.m2/repository/io/vertx/vertx-rx-java2/3.9.0/vertx-rx-java2-3.9.0.jar:/home/pedroaroma/.m2/repository/io/vertx/vertx-rx-gen/3.9.0/vertx-rx-gen-3.9.0.jar:/home/pedroaroma/.m2/repository/io/vertx/vertx-codegen/3.9.0/vertx-codegen-3.9.0.jar:/home/pedroaroma/.m2/repository/org/mvel/mvel2/2.4.7.Final/mvel2-2.4.7.Final.jar:/home/pedroaroma/.m2/repository/io/smallrye/reactive/smallrye-mutiny-vertx-core/0.0.15/smallrye-mutiny-vertx-core-0.0.15.jar:/home/pedroaroma/.m2/repository/io/smallrye/reactive/smallrye-mutiny-vertx-runtime/0.0.15/smallrye-mutiny-vertx-runtime-0.0.15.jar:/home/pedroaroma/.m2/repository/io/smallrye/reactive/vertx-mutiny-generator/0.0.15/vertx-mutiny-generator-0.0.15.jar:/home/pedroaroma/.m2/repository/io/quarkus/quarkus-jdbc-postgresql/1.5.1.Final/quarkus-jdbc-postgresql-1.5.1.Final.jar:/home/pedroaroma/.m2/repository/org/postgresql/postgresql/42.2.12/postgresql-42.2.12.jar:/home/pedroaroma/.m2/repository/io/quarkus/quarkus-smallrye-reactive-messaging-kafka/1.5.1.Final/quarkus-smallrye-reactive-messaging-kafka-1.5.1.Final.jar:/home/pedroaroma/.m2/repository/io/quarkus/quarkus-kafka-client/1.5.1.Final/quarkus-kafka-client-1.5.1.Final.jar:/home/pedroaroma/.m2/repository/io/smallrye/reactive/smallrye-reactive-messaging-kafka/2.0.3/smallrye-reactive-messaging-kafka-2.0.3.jar:/home/pedroaroma/.m2/repository/io/smallrye/reactive/smallrye-mutiny-vertx-kafka-client/0.0.15/smallrye-mutiny-vertx-kafka-client-0.0.15.jar:/home/pedroaroma/.m2/repository/org/apache/zookeeper/zookeeper/3.5.7/zookeeper-3.5.7.jar:/home/pedroaroma/.m2/repository/org/apache/zookeeper/zookeeper-jute/3.5.7/zookeeper-jute-3.5.7.jar:/home/pedroaroma/.m2/repository/org/apache/yetus/audience-annotations/0.5.0/audience-annotations-0.5.0.jar:/home/pedroaroma/.m2/repository/io/netty/netty-transport-native-epoll/4.1.49.Final/netty-transport-native-epoll-4.1.49.Final.jar:/home/pedroaroma/.m2/repository/io/netty/netty-transport-native-unix-common/4.1.49.Final/netty-transport-native-unix-common-4.1.49.Final.jar:/home/pedroaroma/.m2/repository/org/apache/kafka/kafka-clients/2.5.0/kafka-clients-2.5.0.jar:/home/pedroaroma/.m2/repository/com/github/luben/zstd-jni/1.4.4-7/zstd-jni-1.4.4-7.jar:/home/pedroaroma/.m2/repository/org/lz4/lz4-java/1.7.1/lz4-java-1.7.1.jar:/home/pedroaroma/.m2/repository/org/xerial/snappy/snappy-java/1.1.7.3/snappy-java-1.1.7.3.jar:/home/pedroaroma/.m2/repository/io/vertx/vertx-kafka-client/3.9.0/vertx-kafka-client-3.9.0.jar:/home/pedroaroma/.m2/repository/io/quarkus/quarkus-smallrye-reactive-messaging/1.5.1.Final/quarkus-smallrye-reactive-messaging-1.5.1.Final.jar:/home/pedroaroma/.m2/repository/io/quarkus/quarkus-mutiny-reactive-streams-operators/1.5.1.Final/quarkus-mutiny-reactive-streams-operators-1.5.1.Final.jar:/home/pedroaroma/.m2/repository/io/smallrye/reactive/mutiny-reactive-streams-operators/0.5.0/mutiny-reactive-streams-operators-0.5.0.jar:/home/pedroaroma/.m2/repository/io/smallrye/reactive/smallrye-reactive-messaging-provider/2.0.3/smallrye-reactive-messaging-provider-2.0.3.jar:/home/pedroaroma/.m2/repository/io/smallrye/reactive/smallrye-reactive-messaging-api/2.0.3/smallrye-reactive-messaging-api-2.0.3.jar:/home/pedroaroma/.m2/repository/jakarta/annotation/jakarta.annotation-api/1.3.5/jakarta.annotation-api-1.3.5.jar:/home/pedroaroma/.m2/repository/io/quarkus/quarkus-smallrye-health/1.5.1.Final/quarkus-smallrye-health-1.5.1.Final.jar:/home/pedroaroma/.m2/repository/io/smallrye/smallrye-health/2.2.1/smallrye-health-2.2.1.jar:/home/pedroaroma/.m2/repository/org/eclipse/microprofile/health/microprofile-health-api/2.2/microprofile-health-api-2.2.jar:/home/pedroaroma/.m2/repository/io/smallrye/smallrye-health-extension-api/2.2.1/smallrye-health-extension-api-2.2.1.jar:/home/pedroaroma/.m2/repository/io/quarkus/quarkus-kafka-streams/1.5.1.Final/quarkus-kafka-streams-1.5.1.Final.jar:/home/pedroaroma/.m2/repository/org/apache/kafka/kafka-streams/2.5.0/kafka-streams-2.5.0.jar:/home/pedroaroma/.m2/repository/org/apache/kafka/connect-json/2.5.0/connect-json-2.5.0.jar:/home/pedroaroma/.m2/repository/org/apache/kafka/connect-api/2.5.0/connect-api-2.5.0.jar:/home/pedroaroma/.m2/repository/org/rocksdb/rocksdbjni/5.18.3/rocksdbjni-5.18.3.jar:"/>
    <property name="java.vm.vendor" value="Ubuntu"/>
    <property name="sun.arch.data.model" value="64"/>
    <property name="java.vendor.url" value="https://ubuntu.com/"/>
    <property name="user.timezone" value=""/>
    <property name="user.country.format" value="BR"/>
    <property name="java.vm.specification.version" value="11"/>
    <property name="os.name" value="Linux"/>
    <property name="sun.java.launcher" value="SUN_STANDARD"/>
    <property name="user.country" value="US"/>
    <property name="sun.boot.library.path" value="/usr/lib/jvm/java-11-openjdk-amd64/lib"/>
    <property name="sun.java.command" value="/home/pedroaroma/workspace/cqrs-quarkus-eks-master/balance-service/target/surefire/surefirebooter17194943901838864658.jar /home/pedroaroma/workspace/cqrs-quarkus-eks-master/balance-service/target/surefire 2021-03-24T02-08-15_212-jvmRun1 surefire2796411718917752293tmp surefire_02732910384842285922tmp"/>
    <property name="jdk.debug" value="release"/>
    <property name="surefire.test.class.path" value="/home/pedroaroma/workspace/cqrs-quarkus-eks-master/balance-service/target/test-classes:/home/pedroaroma/workspace/cqrs-quarkus-eks-master/balance-service/target/classes:/home/pedroaroma/.m2/repository/io/quarkus/quarkus-resteasy/1.5.1.Final/quarkus-resteasy-1.5.1.Final.jar:/home/pedroaroma/.m2/repository/io/quarkus/quarkus-vertx-http/1.5.1.Final/quarkus-vertx-http-1.5.1.Final.jar:/home/pedroaroma/.m2/repository/io/quarkus/quarkus-development-mode-spi/1.5.1.Final/quarkus-development-mode-spi-1.5.1.Final.jar:/home/pedroaroma/.m2/repository/io/quarkus/security/quarkus-security/1.1.1.Final/quarkus-security-1.1.1.Final.jar:/home/pedroaroma/.m2/repository/jakarta/enterprise/jakarta.enterprise.cdi-api/2.0.2/jakarta.enterprise.cdi-api-2.0.2.jar:/home/pedroaroma/.m2/repository/jakarta/el/jakarta.el-api/3.0.3/jakarta.el-api-3.0.3.jar:/home/pedroaroma/.m2/repository/jakarta/interceptor/jakarta.interceptor-api/1.2.5/jakarta.interceptor-api-1.2.5.jar:/home/pedroaroma/.m2/repository/io/vertx/vertx-web/3.9.0/vertx-web-3.9.0.jar:/home/pedroaroma/.m2/repository/io/vertx/vertx-web-common/3.9.0/vertx-web-common-3.9.0.jar:/home/pedroaroma/.m2/repository/io/vertx/vertx-auth-common/3.9.0/vertx-auth-common-3.9.0.jar:/home/pedroaroma/.m2/repository/io/vertx/vertx-bridge-common/3.9.0/vertx-bridge-common-3.9.0.jar:/home/pedroaroma/.m2/repository/io/quarkus/quarkus-resteasy-server-common/1.5.1.Final/quarkus-resteasy-server-common-1.5.1.Final.jar:/home/pedroaroma/.m2/repository/io/quarkus/quarkus-resteasy-common/1.5.1.Final/quarkus-resteasy-common-1.5.1.Final.jar:/home/pedroaroma/.m2/repository/jakarta/validation/jakarta.validation-api/2.0.2/jakarta.validation-api-2.0.2.jar:/home/pedroaroma/.m2/repository/io/quarkus/quarkus-junit5/1.5.1.Final/quarkus-junit5-1.5.1.Final.jar:/home/pedroaroma/.m2/repository/io/quarkus/quarkus-bootstrap-core/1.5.1.Final/quarkus-bootstrap-core-1.5.1.Final.jar:/home/pedroaroma/.m2/repository/org/ow2/asm/asm/8.0.1/asm-8.0.1.jar:/home/pedroaroma/.m2/repository/org/apache/maven/maven-embedder/3.6.3/maven-embedder-3.6.3.jar:/home/pedroaroma/.m2/repository/org/apache/maven/maven-settings/3.6.3/maven-settings-3.6.3.jar:/home/pedroaroma/.m2/repository/org/apache/maven/maven-core/3.6.3/maven-core-3.6.3.jar:/home/pedroaroma/.m2/repository/org/apache/maven/maven-artifact/3.6.2/maven-artifact-3.6.2.jar:/home/pedroaroma/.m2/repository/org/codehaus/plexus/plexus-component-annotations/2.1.0/plexus-component-annotations-2.1.0.jar:/home/pedroaroma/.m2/repository/org/apache/maven/maven-plugin-api/3.6.3/maven-plugin-api-3.6.3.jar:/home/pedroaroma/.m2/repository/org/apache/maven/maven-model/3.6.3/maven-model-3.6.3.jar:/home/pedroaroma/.m2/repository/org/apache/maven/maven-model-builder/3.6.3/maven-model-builder-3.6.3.jar:/home/pedroaroma/.m2/repository/org/apache/maven/maven-builder-support/3.6.3/maven-builder-support-3.6.3.jar:/home/pedroaroma/.m2/repository/org/apache/maven/resolver/maven-resolver-api/1.4.1/maven-resolver-api-1.4.1.jar:/home/pedroaroma/.m2/repository/org/apache/maven/resolver/maven-resolver-util/1.4.1/maven-resolver-util-1.4.1.jar:/home/pedroaroma/.m2/repository/org/apache/maven/shared/maven-shared-utils/3.2.1/maven-shared-utils-3.2.1.jar:/home/pedroaroma/.m2/repository/com/google/inject/guice/4.2.1/guice-4.2.1-no_aop.jar:/home/pedroaroma/.m2/repository/com/google/guava/guava/27.0.1-jre/guava-27.0.1-jre.jar:/home/pedroaroma/.m2/repository/com/google/guava/failureaccess/1.0.1/failureaccess-1.0.1.jar:/home/pedroaroma/.m2/repository/com/google/guava/listenablefuture/9999.0-empty-to-avoid-conflict-with-guava/listenablefuture-9999.0-empty-to-avoid-conflict-with-guava.jar:/home/pedroaroma/.m2/repository/org/codehaus/plexus/plexus-utils/3.2.1/plexus-utils-3.2.1.jar:/home/pedroaroma/.m2/repository/org/codehaus/plexus/plexus-classworlds/2.5.2/plexus-classworlds-2.5.2.jar:/home/pedroaroma/.m2/repository/commons-cli/commons-cli/1.4/commons-cli-1.4.jar:/home/pedroaroma/.m2/repository/org/eclipse/sisu/org.eclipse.sisu.plexus/0.3.4/org.eclipse.sisu.plexus-0.3.4.jar:/home/pedroaroma/.m2/repository/org/apache/maven/maven-settings-builder/3.6.3/maven-settings-builder-3.6.3.jar:/home/pedroaroma/.m2/repository/org/codehaus/plexus/plexus-interpolation/1.25/plexus-interpolation-1.25.jar:/home/pedroaroma/.m2/repository/org/sonatype/plexus/plexus-sec-dispatcher/1.4/plexus-sec-dispatcher-1.4.jar:/home/pedroaroma/.m2/repository/org/sonatype/plexus/plexus-cipher/1.4/plexus-cipher-1.4.jar:/home/pedroaroma/.m2/repository/org/apache/maven/maven-resolver-provider/3.6.3/maven-resolver-provider-3.6.3.jar:/home/pedroaroma/.m2/repository/org/apache/maven/maven-repository-metadata/3.6.3/maven-repository-metadata-3.6.3.jar:/home/pedroaroma/.m2/repository/org/apache/maven/resolver/maven-resolver-spi/1.4.1/maven-resolver-spi-1.4.1.jar:/home/pedroaroma/.m2/repository/org/apache/maven/resolver/maven-resolver-impl/1.4.1/maven-resolver-impl-1.4.1.jar:/home/pedroaroma/.m2/repository/org/apache/maven/resolver/maven-resolver-connector-basic/1.4.1/maven-resolver-connector-basic-1.4.1.jar:/home/pedroaroma/.m2/repository/org/apache/maven/resolver/maven-resolver-transport-wagon/1.4.1/maven-resolver-transport-wagon-1.4.1.jar:/home/pedroaroma/.m2/repository/org/apache/maven/wagon/wagon-http/3.3.4/wagon-http-3.3.4.jar:/home/pedroaroma/.m2/repository/org/apache/maven/wagon/wagon-http-shared/3.3.4/wagon-http-shared-3.3.4.jar:/home/pedroaroma/.m2/repository/org/jsoup/jsoup/1.12.1/jsoup-1.12.1.jar:/home/pedroaroma/.m2/repository/org/apache/maven/wagon/wagon-provider-api/3.3.4/wagon-provider-api-3.3.4.jar:/home/pedroaroma/.m2/repository/org/apache/maven/wagon/wagon-file/3.3.4/wagon-file-3.3.4.jar:/home/pedroaroma/.m2/repository/org/jboss/logging/jboss-logging/3.3.2.Final/jboss-logging-3.3.2.Final.jar:/home/pedroaroma/.m2/repository/org/jboss/logging/commons-logging-jboss-logging/1.0.0.Final/commons-logging-jboss-logging-1.0.0.Final.jar:/home/pedroaroma/.m2/repository/org/eclipse/sisu/org.eclipse.sisu.inject/0.3.4/org.eclipse.sisu.inject-0.3.4.jar:/home/pedroaroma/.m2/repository/io/quarkus/quarkus-test-common/1.5.1.Final/quarkus-test-common-1.5.1.Final.jar:/home/pedroaroma/.m2/repository/io/quarkus/quarkus-core-deployment/1.5.1.Final/quarkus-core-deployment-1.5.1.Final.jar:/home/pedroaroma/.m2/repository/io/quarkus/gizmo/gizmo/1.0.3.Final/gizmo-1.0.3.Final.jar:/home/pedroaroma/.m2/repository/org/ow2/asm/asm-util/8.0.1/asm-util-8.0.1.jar:/home/pedroaroma/.m2/repository/org/ow2/asm/asm-tree/8.0.1/asm-tree-8.0.1.jar:/home/pedroaroma/.m2/repository/org/ow2/asm/asm-analysis/8.0.1/asm-analysis-8.0.1.jar:/home/pedroaroma/.m2/repository/io/quarkus/quarkus-builder/1.5.1.Final/quarkus-builder-1.5.1.Final.jar:/home/pedroaroma/.m2/repository/io/quarkus/quarkus-jsonp-deployment/1.5.1.Final/quarkus-jsonp-deployment-1.5.1.Final.jar:/home/pedroaroma/.m2/repository/org/jboss/jandex/2.1.3.Final/jandex-2.1.3.Final.jar:/home/pedroaroma/.m2/repository/org/junit/jupiter/junit-jupiter/5.6.2/junit-jupiter-5.6.2.jar:/home/pedroaroma/.m2/repository/org/junit/jupiter/junit-jupiter-api/5.6.2/junit-jupiter-api-5.6.2.jar:/home/pedroaroma/.m2/repository/org/apiguardian/apiguardian-api/1.1.0/apiguardian-api-1.1.0.jar:/home/pedroaroma/.m2/repository/org/opentest4j/opentest4j/1.2.0/opentest4j-1.2.0.jar:/home/pedroaroma/.m2/repository/org/junit/platform/junit-platform-commons/1.6.2/junit-platform-commons-1.6.2.jar:/home/pedroaroma/.m2/repository/org/junit/jupiter/junit-jupiter-params/5.6.2/junit-jupiter-params-5.6.2.jar:/home/pedroaroma/.m2/repository/org/junit/jupiter/junit-jupiter-engine/5.6.2/junit-jupiter-engine-5.6.2.jar:/home/pedroaroma/.m2/repository/org/junit/platform/junit-platform-engine/1.6.2/junit-platform-engine-1.6.2.jar:/home/pedroaroma/.m2/repository/io/quarkus/quarkus-core/1.5.1.Final/quarkus-core-1.5.1.Final.jar:/home/pedroaroma/.m2/repository/jakarta/inject/jakarta.inject-api/1.0/jakarta.inject-api-1.0.jar:/home/pedroaroma/.m2/repository/io/quarkus/quarkus-ide-launcher/1.5.1.Final/quarkus-ide-launcher-1.5.1.Final.jar:/home/pedroaroma/.m2/repository/io/smallrye/config/smallrye-config/1.7.0/smallrye-config-1.7.0.jar:/home/pedroaroma/.m2/repository/io/smallrye/config/smallrye-config-common/1.7.0/smallrye-config-common-1.7.0.jar:/home/pedroaroma/.m2/repository/org/jboss/logmanager/jboss-logmanager-embedded/1.0.4/jboss-logmanager-embedded-1.0.4.jar:/home/pedroaroma/.m2/repository/org/jboss/logging/jboss-logging-annotations/2.1.0.Final/jboss-logging-annotations-2.1.0.Final.jar:/home/pedroaroma/.m2/repository/org/jboss/threads/jboss-threads/3.1.1.Final/jboss-threads-3.1.1.Final.jar:/home/pedroaroma/.m2/repository/org/slf4j/slf4j-api/1.7.30/slf4j-api-1.7.30.jar:/home/pedroaroma/.m2/repository/org/jboss/slf4j/slf4j-jboss-logging/1.2.0.Final/slf4j-jboss-logging-1.2.0.Final.jar:/home/pedroaroma/.m2/repository/org/graalvm/sdk/graal-sdk/19.3.1/graal-sdk-19.3.1.jar:/home/pedroaroma/.m2/repository/org/wildfly/common/wildfly-common/1.5.4.Final-format-001/wildfly-common-1.5.4.Final-format-001.jar:/home/pedroaroma/.m2/repository/io/quarkus/quarkus-bootstrap-runner/1.5.1.Final/quarkus-bootstrap-runner-1.5.1.Final.jar:/home/pedroaroma/.m2/repository/com/thoughtworks/xstream/xstream/1.4.11.1/xstream-1.4.11.1.jar:/home/pedroaroma/.m2/repository/xmlpull/xmlpull/1.1.3.1/xmlpull-1.1.3.1.jar:/home/pedroaroma/.m2/repository/xpp3/xpp3_min/1.1.4c/xpp3_min-1.1.4c.jar:/home/pedroaroma/.m2/repository/io/rest-assured/rest-assured/4.3.0/rest-assured-4.3.0.jar:/home/pedroaroma/.m2/repository/org/codehaus/groovy/groovy/3.0.2/groovy-3.0.2.jar:/home/pedroaroma/.m2/repository/org/codehaus/groovy/groovy-xml/3.0.2/groovy-xml-3.0.2.jar:/home/pedroaroma/.m2/repository/org/apache/httpcomponents/httpclient/4.5.12/httpclient-4.5.12.jar:/home/pedroaroma/.m2/repository/org/apache/httpcomponents/httpcore/4.4.13/httpcore-4.4.13.jar:/home/pedroaroma/.m2/repository/commons-codec/commons-codec/1.14/commons-codec-1.14.jar:/home/pedroaroma/.m2/repository/org/apache/httpcomponents/httpmime/4.5.3/httpmime-4.5.3.jar:/home/pedroaroma/.m2/repository/org/hamcrest/hamcrest/2.1/hamcrest-2.1.jar:/home/pedroaroma/.m2/repository/org/ccil/cowan/tagsoup/tagsoup/1.2.1/tagsoup-1.2.1.jar:/home/pedroaroma/.m2/repository/io/rest-assured/json-path/4.3.0/json-path-4.3.0.jar:/home/pedroaroma/.m2/repository/org/codehaus/groovy/groovy-json/3.0.2/groovy-json-3.0.2.jar:/home/pedroaroma/.m2/repository/io/rest-assured/rest-assured-common/4.3.0/rest-assured-common-4.3.0.jar:/home/pedroaroma/.m2/repository/io/rest-assured/xml-path/4.3.0/xml-path-4.3.0.jar:/home/pedroaroma/.m2/repository/org/apache/commons/commons-lang3/3.9/commons-lang3-3.9.jar:/home/pedroaroma/.m2/repository/jakarta/xml/bind/jakarta.xml.bind-api/2.3.2/jakarta.xml.bind-api-2.3.2.jar:/home/pedroaroma/.m2/repository/jakarta/activation/jakarta.activation-api/1.2.1/jakarta.activation-api-1.2.1.jar:/home/pedroaroma/.m2/repository/org/apache/sling/org.apache.sling.javax.activation/0.1.0/org.apache.sling.javax.activation-0.1.0.jar:/home/pedroaroma/.m2/repository/io/quarkus/quarkus-hibernate-orm-panache/1.5.1.Final/quarkus-hibernate-orm-panache-1.5.1.Final.jar:/home/pedroaroma/.m2/repository/io/quarkus/quarkus-hibernate-orm-panache-common/1.5.1.Final/quarkus-hibernate-orm-panache-common-1.5.1.Final.jar:/home/pedroaroma/.m2/repository/io/quarkus/quarkus-arc/1.5.1.Final/quarkus-arc-1.5.1.Final.jar:/home/pedroaroma/.m2/repository/io/quarkus/arc/arc/1.5.1.Final/arc-1.5.1.Final.jar:/home/pedroaroma/.m2/repository/org/eclipse/microprofile/context-propagation/microprofile-context-propagation-api/1.0.1/microprofile-context-propagation-api-1.0.1.jar:/home/pedroaroma/.m2/repository/io/quarkus/quarkus-panache-common/1.5.1.Final/quarkus-panache-common-1.5.1.Final.jar:/home/pedroaroma/.m2/repository/io/quarkus/quarkus-jsonb/1.5.1.Final/quarkus-jsonb-1.5.1.Final.jar:/home/pedroaroma/.m2/repository/org/eclipse/yasson/1.0.7/yasson-1.0.7.jar:/home/pedroaroma/.m2/repository/jakarta/json/bind/jakarta.json.bind-api/1.0.2/jakarta.json.bind-api-1.0.2.jar:/home/pedroaroma/.m2/repository/io/quarkus/quarkus-jsonp/1.5.1.Final/quarkus-jsonp-1.5.1.Final.jar:/home/pedroaroma/.m2/repository/org/glassfish/jakarta.json/1.1.6/jakarta.json-1.1.6.jar:/home/pedroaroma/.m2/repository/io/quarkus/quarkus-hibernate-orm/1.5.1.Final/quarkus-hibernate-orm-1.5.1.Final.jar:/home/pedroaroma/.m2/repository/io/quarkus/quarkus-agroal/1.5.1.Final/quarkus-agroal-1.5.1.Final.jar:/home/pedroaroma/.m2/repository/io/quarkus/quarkus-datasource/1.5.1.Final/quarkus-datasource-1.5.1.Final.jar:/home/pedroaroma/.m2/repository/io/quarkus/quarkus-datasource-common/1.5.1.Final/quarkus-datasource-common-1.5.1.Final.jar:/home/pedroaroma/.m2/repository/org/jboss/narayana/jta/narayana-jta/5.10.4.Final/narayana-jta-5.10.4.Final.jar:/home/pedroaroma/.m2/repository/org/jboss/jboss-transaction-spi/7.6.0.Final/jboss-transaction-spi-7.6.0.Final.jar:/home/pedroaroma/.m2/repository/org/jboss/spec/javax/resource/jboss-connector-api_1.7_spec/1.0.0.Final/jboss-connector-api_1.7_spec-1.0.0.Final.jar:/home/pedroaroma/.m2/repository/org/jboss/narayana/jts/narayana-jts-integration/5.10.4.Final/narayana-jts-integration-5.10.4.Final.jar:/home/pedroaroma/.m2/repository/io/agroal/agroal-api/1.8/agroal-api-1.8.jar:/home/pedroaroma/.m2/repository/io/agroal/agroal-narayana/1.8/agroal-narayana-1.8.jar:/home/pedroaroma/.m2/repository/io/agroal/agroal-pool/1.8/agroal-pool-1.8.jar:/home/pedroaroma/.m2/repository/io/quarkus/quarkus-credentials/1.5.1.Final/quarkus-credentials-1.5.1.Final.jar:/home/pedroaroma/.m2/repository/io/quarkus/quarkus-narayana-jta/1.5.1.Final/quarkus-narayana-jta-1.5.1.Final.jar:/home/pedroaroma/.m2/repository/io/smallrye/smallrye-context-propagation-jta/1.0.13/smallrye-context-propagation-jta-1.0.13.jar:/home/pedroaroma/.m2/repository/io/smallrye/reactive/smallrye-reactive-converter-api/1.0.12/smallrye-reactive-converter-api-1.0.12.jar:/home/pedroaroma/.m2/repository/org/eclipse/microprofile/reactive-streams-operators/microprofile-reactive-streams-operators-api/1.0.1/microprofile-reactive-streams-operators-api-1.0.1.jar:/home/pedroaroma/.m2/repository/org/eclipse/microprofile/reactive-streams-operators/microprofile-reactive-streams-operators-core/1.0.1/microprofile-reactive-streams-operators-core-1.0.1.jar:/home/pedroaroma/.m2/repository/io/smallrye/reactive/smallrye-reactive-converter-mutiny/1.0.12/smallrye-reactive-converter-mutiny-1.0.12.jar:/home/pedroaroma/.m2/repository/org/hibernate/hibernate-core/5.4.16.Final/hibernate-core-5.4.16.Final.jar:/home/pedroaroma/.m2/repository/net/bytebuddy/byte-buddy/1.10.10/byte-buddy-1.10.10.jar:/home/pedroaroma/.m2/repository/antlr/antlr/2.7.7/antlr-2.7.7.jar:/home/pedroaroma/.m2/repository/com/fasterxml/classmate/1.3.4/classmate-1.3.4.jar:/home/pedroaroma/.m2/repository/org/dom4j/dom4j/2.1.3/dom4j-2.1.3.jar:/home/pedroaroma/.m2/repository/org/hibernate/common/hibernate-commons-annotations/5.1.0.Final/hibernate-commons-annotations-5.1.0.Final.jar:/home/pedroaroma/.m2/repository/org/hibernate/hibernate-graalvm/5.4.16.Final/hibernate-graalvm-5.4.16.Final.jar:/home/pedroaroma/.m2/repository/org/glassfish/jaxb/jaxb-runtime/2.3.3-b02/jaxb-runtime-2.3.3-b02.jar:/home/pedroaroma/.m2/repository/org/glassfish/jaxb/txw2/2.3.3-b02/txw2-2.3.3-b02.jar:/home/pedroaroma/.m2/repository/com/sun/istack/istack-commons-runtime/3.0.10/istack-commons-runtime-3.0.10.jar:/home/pedroaroma/.m2/repository/com/sun/activation/jakarta.activation/1.2.1/jakarta.activation-1.2.1.jar:/home/pedroaroma/.m2/repository/org/jboss/spec/javax/xml/bind/jboss-jaxb-api_2.3_spec/2.0.0.Final/jboss-jaxb-api_2.3_spec-2.0.0.Final.jar:/home/pedroaroma/.m2/repository/jakarta/persistence/jakarta.persistence-api/2.2.3/jakarta.persistence-api-2.2.3.jar:/home/pedroaroma/.m2/repository/jakarta/transaction/jakarta.transaction-api/1.3.3/jakarta.transaction-api-1.3.3.jar:/home/pedroaroma/.m2/repository/org/hibernate/quarkus-local-cache/0.1.0/quarkus-local-cache-0.1.0.jar:/home/pedroaroma/.m2/repository/com/github/ben-manes/caffeine/caffeine/2.8.4/caffeine-2.8.4.jar:/home/pedroaroma/.m2/repository/com/google/errorprone/error_prone_annotations/2.2.0/error_prone_annotations-2.2.0.jar:/home/pedroaroma/.m2/repository/io/quarkus/quarkus-caffeine/1.5.1.Final/quarkus-caffeine-1.5.1.Final.jar:/home/pedroaroma/.m2/repository/io/quarkus/quarkus-hibernate-validator/1.5.1.Final/quarkus-hibernate-validator-1.5.1.Final.jar:/home/pedroaroma/.m2/repository/org/hibernate/validator/hibernate-validator/6.1.5.Final/hibernate-validator-6.1.5.Final.jar:/home/pedroaroma/.m2/repository/org/glassfish/jakarta.el/3.0.3/jakarta.el-3.0.3.jar:/home/pedroaroma/.m2/repository/io/quarkus/quarkus-flyway/1.5.1.Final/quarkus-flyway-1.5.1.Final.jar:/home/pedroaroma/.m2/repository/org/flywaydb/flyway-core/6.4.2/flyway-core-6.4.2.jar:/home/pedroaroma/.m2/repository/io/quarkus/quarkus-resteasy-mutiny/1.5.1.Final/quarkus-resteasy-mutiny-1.5.1.Final.jar:/home/pedroaroma/.m2/repository/io/quarkus/quarkus-mutiny/1.5.1.Final/quarkus-mutiny-1.5.1.Final.jar:/home/pedroaroma/.m2/repository/io/smallrye/reactive/mutiny/0.5.0/mutiny-0.5.0.jar:/home/pedroaroma/.m2/repository/io/quarkus/quarkus-smallrye-context-propagation/1.5.1.Final/quarkus-smallrye-context-propagation-1.5.1.Final.jar:/home/pedroaroma/.m2/repository/io/smallrye/smallrye-context-propagation/1.0.13/smallrye-context-propagation-1.0.13.jar:/home/pedroaroma/.m2/repository/io/smallrye/smallrye-context-propagation-api/1.0.13/smallrye-context-propagation-api-1.0.13.jar:/home/pedroaroma/.m2/repository/io/smallrye/reactive/mutiny-context-propagation/0.5.0/mutiny-context-propagation-0.5.0.jar:/home/pedroaroma/.m2/repository/org/jboss/resteasy/resteasy-client/4.5.3.Final/resteasy-client-4.5.3.Final.jar:/home/pedroaroma/.m2/repository/org/jboss/resteasy/resteasy-client-api/4.5.3.Final/resteasy-client-api-4.5.3.Final.jar:/home/pedroaroma/.m2/repository/org/jboss/resteasy/resteasy-core-spi/4.5.3.Final/resteasy-core-spi-4.5.3.Final.jar:/home/pedroaroma/.m2/repository/org/jboss/resteasy/resteasy-core/4.5.3.Final/resteasy-core-4.5.3.Final.jar:/home/pedroaroma/.m2/repository/org/eclipse/microprofile/config/microprofile-config-api/1.4/microprofile-config-api-1.4.jar:/home/pedroaroma/.m2/repository/org/jboss/spec/javax/ws/rs/jboss-jaxrs-api_2.1_spec/2.0.1.Final/jboss-jaxrs-api_2.1_spec-2.0.1.Final.jar:/home/pedroaroma/.m2/repository/io/quarkus/quarkus-resteasy-jsonb/1.5.1.Final/quarkus-resteasy-jsonb-1.5.1.Final.jar:/home/pedroaroma/.m2/repository/org/jboss/resteasy/resteasy-json-binding-provider/4.5.3.Final/resteasy-json-binding-provider-4.5.3.Final.jar:/home/pedroaroma/.m2/repository/org/jboss/resteasy/resteasy-json-p-provider/4.5.3.Final/resteasy-json-p-provider-4.5.3.Final.jar:/home/pedroaroma/.m2/repository/commons-io/commons-io/2.6/commons-io-2.6.jar:/home/pedroaroma/.m2/repository/io/quarkus/quarkus-vertx/1.5.1.Final/quarkus-vertx-1.5.1.Final.jar:/home/pedroaroma/.m2/repository/io/quarkus/quarkus-netty/1.5.1.Final/quarkus-netty-1.5.1.Final.jar:/home/pedroaroma/.m2/repository/io/netty/netty-codec/4.1.49.Final/netty-codec-4.1.49.Final.jar:/home/pedroaroma/.m2/repository/io/netty/netty-common/4.1.49.Final/netty-common-4.1.49.Final.jar:/home/pedroaroma/.m2/repository/io/netty/netty-buffer/4.1.49.Final/netty-buffer-4.1.49.Final.jar:/home/pedroaroma/.m2/repository/io/netty/netty-transport/4.1.49.Final/netty-transport-4.1.49.Final.jar:/home/pedroaroma/.m2/repository/io/netty/netty-handler/4.1.49.Final/netty-handler-4.1.49.Final.jar:/home/pedroaroma/.m2/repository/io/netty/netty-resolver/4.1.49.Final/netty-resolver-4.1.49.Final.jar:/home/pedroaroma/.m2/repository/io/quarkus/quarkus-jackson/1.5.1.Final/quarkus-jackson-1.5.1.Final.jar:/home/pedroaroma/.m2/repository/com/fasterxml/jackson/core/jackson-databind/2.10.4/jackson-databind-2.10.4.jar:/home/pedroaroma/.m2/repository/com/fasterxml/jackson/core/jackson-annotations/2.10.4/jackson-annotations-2.10.4.jar:/home/pedroaroma/.m2/repository/com/fasterxml/jackson/core/jackson-core/2.10.4/jackson-core-2.10.4.jar:/home/pedroaroma/.m2/repository/com/fasterxml/jackson/datatype/jackson-datatype-jsr310/2.10.4/jackson-datatype-jsr310-2.10.4.jar:/home/pedroaroma/.m2/repository/com/fasterxml/jackson/datatype/jackson-datatype-jdk8/2.10.4/jackson-datatype-jdk8-2.10.4.jar:/home/pedroaroma/.m2/repository/com/fasterxml/jackson/module/jackson-module-parameter-names/2.10.4/jackson-module-parameter-names-2.10.4.jar:/home/pedroaroma/.m2/repository/io/quarkus/quarkus-vertx-core/1.5.1.Final/quarkus-vertx-core-1.5.1.Final.jar:/home/pedroaroma/.m2/repository/io/vertx/vertx-core/3.9.0/vertx-core-3.9.0.jar:/home/pedroaroma/.m2/repository/io/netty/netty-handler-proxy/4.1.49.Final/netty-handler-proxy-4.1.49.Final.jar:/home/pedroaroma/.m2/repository/io/netty/netty-codec-socks/4.1.49.Final/netty-codec-socks-4.1.49.Final.jar:/home/pedroaroma/.m2/repository/io/netty/netty-codec-http/4.1.49.Final/netty-codec-http-4.1.49.Final.jar:/home/pedroaroma/.m2/repository/io/netty/netty-codec-http2/4.1.49.Final/netty-codec-http2-4.1.49.Final.jar:/home/pedroaroma/.m2/repository/io/netty/netty-resolver-dns/4.1.49.Final/netty-resolver-dns-4.1.49.Final.jar:/home/pedroaroma/.m2/repository/io/netty/netty-codec-dns/4.1.49.Final/netty-codec-dns-4.1.49.Final.jar:/home/pedroaroma/.m2/repository/io/smallrye/reactive/smallrye-axle-generator/0.0.15/smallrye-axle-generator-0.0.15.jar:/home/pedroaroma/.m2/repository/io/reactivex/rxjava2/rxjava/2.2.19/rxjava-2.2.19.jar:/home/pedroaroma/.m2/repository/org/reactivestreams/reactive-streams/1.0.3/reactive-streams-1.0.3.jar:/home/pedroaroma/.m2/repository/io/smallrye/reactive/smallrye-axle-core/0.0.15/smallrye-axle-core-0.0.15.jar:/home/pedroaroma/.m2/repository/io/vertx/vertx-rx-java2/3.9.0/vertx-rx-java2-3.9.0.jar:/home/pedroaroma/.m2/repository/io/vertx/vertx-rx-gen/3.9.0/vertx-rx-gen-3.9.0.jar:/home/pedroaroma/.m2/repository/io/vertx/vertx-codegen/3.9.0/vertx-codegen-3.9.0.jar:/home/pedroaroma/.m2/repository/org/mvel/mvel2/2.4.7.Final/mvel2-2.4.7.Final.jar:/home/pedroaroma/.m2/repository/io/smallrye/reactive/smallrye-mutiny-vertx-core/0.0.15/smallrye-mutiny-vertx-core-0.0.15.jar:/home/pedroaroma/.m2/repository/io/smallrye/reactive/smallrye-mutiny-vertx-runtime/0.0.15/smallrye-mutiny-vertx-runtime-0.0.15.jar:/home/pedroaroma/.m2/repository/io/smallrye/reactive/vertx-mutiny-generator/0.0.15/vertx-mutiny-generator-0.0.15.jar:/home/pedroaroma/.m2/repository/io/quarkus/quarkus-jdbc-postgresql/1.5.1.Final/quarkus-jdbc-postgresql-1.5.1.Final.jar:/home/pedroaroma/.m2/repository/org/postgresql/postgresql/42.2.12/postgresql-42.2.12.jar:/home/pedroaroma/.m2/repository/io/quarkus/quarkus-smallrye-reactive-messaging-kafka/1.5.1.Final/quarkus-smallrye-reactive-messaging-kafka-1.5.1.Final.jar:/home/pedroaroma/.m2/repository/io/quarkus/quarkus-kafka-client/1.5.1.Final/quarkus-kafka-client-1.5.1.Final.jar:/home/pedroaroma/.m2/repository/io/smallrye/reactive/smallrye-reactive-messaging-kafka/2.0.3/smallrye-reactive-messaging-kafka-2.0.3.jar:/home/pedroaroma/.m2/repository/io/smallrye/reactive/smallrye-mutiny-vertx-kafka-client/0.0.15/smallrye-mutiny-vertx-kafka-client-0.0.15.jar:/home/pedroaroma/.m2/repository/org/apache/zookeeper/zookeeper/3.5.7/zookeeper-3.5.7.jar:/home/pedroaroma/.m2/repository/org/apache/zookeeper/zookeeper-jute/3.5.7/zookeeper-jute-3.5.7.jar:/home/pedroaroma/.m2/repository/org/apache/yetus/audience-annotations/0.5.0/audience-annotations-0.5.0.jar:/home/pedroaroma/.m2/repository/io/netty/netty-transport-native-epoll/4.1.49.Final/netty-transport-native-epoll-4.1.49.Final.jar:/home/pedroaroma/.m2/repository/io/netty/netty-transport-native-unix-common/4.1.49.Final/netty-transport-native-unix-common-4.1.49.Final.jar:/home/pedroaroma/.m2/repository/org/apache/kafka/kafka-clients/2.5.0/kafka-clients-2.5.0.jar:/home/pedroaroma/.m2/repository/com/github/luben/zstd-jni/1.4.4-7/zstd-jni-1.4.4-7.jar:/home/pedroaroma/.m2/repository/org/lz4/lz4-java/1.7.1/lz4-java-1.7.1.jar:/home/pedroaroma/.m2/repository/org/xerial/snappy/snappy-java/1.1.7.3/snappy-java-1.1.7.3.jar:/home/pedroaroma/.m2/repository/io/vertx/vertx-kafka-client/3.9.0/vertx-kafka-client-3.9.0.jar:/home/pedroaroma/.m2/repository/io/quarkus/quarkus-smallrye-reactive-messaging/1.5.1.Final/quarkus-smallrye-reactive-messaging-1.5.1.Final.jar:/home/pedroaroma/.m2/repository/io/quarkus/quarkus-mutiny-reactive-streams-operators/1.5.1.Final/quarkus-mutiny-reactive-streams-operators-1.5.1.Final.jar:/home/pedroaroma/.m2/repository/io/smallrye/reactive/mutiny-reactive-streams-operators/0.5.0/mutiny-reactive-streams-operators-0.5.0.jar:/home/pedroaroma/.m2/repository/io/smallrye/reactive/smallrye-reactive-messaging-provider/2.0.3/smallrye-reactive-messaging-provider-2.0.3.jar:/home/pedroaroma/.m2/repository/io/smallrye/reactive/smallrye-reactive-messaging-api/2.0.3/smallrye-reactive-messaging-api-2.0.3.jar:/home/pedroaroma/.m2/repository/jakarta/annotation/jakarta.annotation-api/1.3.5/jakarta.annotation-api-1.3.5.jar:/home/pedroaroma/.m2/repository/io/quarkus/quarkus-smallrye-health/1.5.1.Final/quarkus-smallrye-health-1.5.1.Final.jar:/home/pedroaroma/.m2/repository/io/smallrye/smallrye-health/2.2.1/smallrye-health-2.2.1.jar:/home/pedroaroma/.m2/repository/org/eclipse/microprofile/health/microprofile-health-api/2.2/microprofile-health-api-2.2.jar:/home/pedroaroma/.m2/repository/io/smallrye/smallrye-health-extension-api/2.2.1/smallrye-health-extension-api-2.2.1.jar:/home/pedroaroma/.m2/repository/io/quarkus/quarkus-kafka-streams/1.5.1.Final/quarkus-kafka-streams-1.5.1.Final.jar:/home/pedroaroma/.m2/repository/org/apache/kafka/kafka-streams/2.5.0/kafka-streams-2.5.0.jar:/home/pedroaroma/.m2/repository/org/apache/kafka/connect-json/2.5.0/connect-json-2.5.0.jar:/home/pedroaroma/.m2/repository/org/apache/kafka/connect-api/2.5.0/connect-api-2.5.0.jar:/home/pedroaroma/.m2/repository/org/rocksdb/rocksdbjni/5.18.3/rocksdbjni-5.18.3.jar:"/>
    <property name="sun.cpu.endian" value="little"/>
    <property name="user.home" value="/home/pedroaroma"/>
    <property name="user.language" value="en"/>
    <property name="java.specification.vendor" value="Oracle Corporation"/>
    <property name="java.version.date" value="2021-01-19"/>
    <property name="java.home" value="/usr/lib/jvm/java-11-openjdk-amd64"/>
    <property name="file.separator" value="/"/>
    <property name="basedir" value="/home/pedroaroma/workspace/cqrs-quarkus-eks-master/balance-service"/>
    <property name="java.vm.compressedOopsMode" value="Zero based"/>
    <property name="line.separator" value="&#10;"/>
    <property name="java.specification.name" value="Java Platform API Specification"/>
    <property name="java.vm.specification.vendor" value="Oracle Corporation"/>
    <property name="java.awt.graphicsenv" value="sun.awt.X11GraphicsEnvironment"/>
    <property name="surefire.real.class.path" value="/home/pedroaroma/workspace/cqrs-quarkus-eks-master/balance-service/target/surefire/surefirebooter17194943901838864658.jar"/>
    <property name="sun.management.compiler" value="HotSpot 64-Bit Tiered Compilers"/>
    <property name="java.runtime.version" value="11.0.10+9-Ubuntu-0ubuntu1.20.10"/>
    <property name="user.name" value="pedroaroma"/>
    <property name="path.separator" value=":"/>
    <property name="os.version" value="5.8.0-7642-generic"/>
    <property name="java.runtime.name" value="OpenJDK Runtime Environment"/>
    <property name="file.encoding" value="UTF-8"/>
    <property name="java.vm.name" value="OpenJDK 64-Bit Server VM"/>
    <property name="localRepository" value="/home/pedroaroma/.m2/repository"/>
    <property name="java.vendor.url.bug" value="https://bugs.launchpad.net/ubuntu/+source/openjdk-lts"/>
    <property name="java.io.tmpdir" value="/tmp"/>
    <property name="idea.version" value="2020.3.3"/>
    <property name="java.version" value="11.0.10"/>
    <property name="user.dir" value="/home/pedroaroma/workspace/cqrs-quarkus-eks-master/balance-service"/>
    <property name="os.arch" value="amd64"/>
    <property name="java.vm.specification.name" value="Java Virtual Machine Specification"/>
    <property name="java.awt.printerjob" value="sun.print.PSPrinterJob"/>
    <property name="user.language.format" value="pt"/>
    <property name="sun.os.patch.level" value="unknown"/>
    <property name="java.util.logging.manager" value="org.jboss.logmanager.LogManager"/>
    <property name="java.library.path" value="/usr/java/packages/lib:/usr/lib/x86_64-linux-gnu/jni:/lib/x86_64-linux-gnu:/usr/lib/x86_64-linux-gnu:/usr/lib/jni:/lib:/usr/lib"/>
    <property name="java.vm.info" value="mixed mode, sharing"/>
    <property name="java.vendor" value="Ubuntu"/>
    <property name="java.vm.version" value="11.0.10+9-Ubuntu-0ubuntu1.20.10"/>
    <property name="sun.io.unicode.encoding" value="UnicodeLittle"/>
    <property name="java.class.version" value="55.0"/>
  </properties>
  <testcase name="testHelloEndpoint" classname="com.moduscreate.bankaccount.BalanceResourceTest" time="0.002">
    <error message="java.lang.RuntimeException: Failed to start quarkus" type="java.lang.RuntimeException">java.lang.RuntimeException: java.lang.RuntimeException: Failed to start quarkus
Caused by: java.lang.RuntimeException: Failed to start quarkus
Caused by: org.flywaydb.core.internal.exception.FlywaySqlException: 

Unable to obtain connection from database: Connection to localhost:5432 refused. Check that the hostname and port are correct and that the postmaster is accepting TCP/IP connections.
--------------------------------------------------------------------------------------------------------------------------------------------------------------------------------------
SQL State  : 08001
Error Code : 0
Message    : Connection to localhost:5432 refused. Check that the hostname and port are correct and that the postmaster is accepting TCP/IP connections.

Caused by: org.postgresql.util.PSQLException: Connection to localhost:5432 refused. Check that the hostname and port are correct and that the postmaster is accepting TCP/IP connections.
Caused by: java.net.ConnectException: Connection refused (Connection refused)
</error>
    <system-out><![CDATA[2021-03-24 02:08:17,856 INFO  [io.qua.fly.FlywayProcessor] (build-15) Adding application migrations in path '/home/pedroaroma/workspace/cqrs-quarkus-eks-master/balance-service/target/classes/db/migration/' using protocol 'file'
2021-03-24 02:08:17,857 INFO  [io.qua.fly.FlywayProcessor] (build-15) Adding application migrations in path '/home/pedroaroma/workspace/cqrs-quarkus-eks-master/balance-service/target/classes/db/migration' using protocol 'file'
2021-03-24 02:08:17,968 WARN  [io.qua.dep.ste.ReflectiveHierarchyStep] (build-31) Unable to properly register the hierarchy of the following classes for reflection as they are not in the Jandex index:
	- javax.security.auth.Subject
	- javax.security.auth.login.AppConfigurationEntry
	- javax.security.auth.spi.LoginModule
	- org.slf4j.Logger
	- org.slf4j.spi.LocationAwareLogger
Consider adding them to the index either by creating a Jandex index for your dependency via the Maven plugin, an empty META-INF/beans.xml or quarkus.index-dependency properties.");.
2021-03-24 02:08:18,980 INFO  [org.fly.cor.int.lic.VersionPrinter] (main) Flyway Community Edition 6.4.2 by Redgate
2021-03-24 02:08:19,006 WARN  [io.agr.pool] (Agroal_4534461191) Datasource '<default>': Connection to localhost:5432 refused. Check that the hostname and port are correct and that the postmaster is accepting TCP/IP connections.
2021-03-24 02:08:19,008 ERROR [io.qua.application] (main) Failed to start application: org.flywaydb.core.internal.exception.FlywaySqlException: 
Unable to obtain connection from database: Connection to localhost:5432 refused. Check that the hostname and port are correct and that the postmaster is accepting TCP/IP connections.
--------------------------------------------------------------------------------------------------------------------------------------------------------------------------------------
SQL State  : 08001
Error Code : 0
Message    : Connection to localhost:5432 refused. Check that the hostname and port are correct and that the postmaster is accepting TCP/IP connections.

	at org.flywaydb.core.internal.jdbc.JdbcUtils.openConnection(JdbcUtils.java:65)
	at org.flywaydb.core.internal.jdbc.JdbcConnectionFactory.<init>(JdbcConnectionFactory.java:80)
	at org.flywaydb.core.Flyway.execute(Flyway.java:456)
	at org.flywaydb.core.Flyway.migrate(Flyway.java:159)
	at io.quarkus.flyway.runtime.FlywayRecorder.doStartActions(FlywayRecorder.java:53)
	at io.quarkus.deployment.steps.FlywayProcessor$createBeansAndStartActions-1520831253.deploy_0(FlywayProcessor$createBeansAndStartActions-1520831253.zig:76)
	at io.quarkus.deployment.steps.FlywayProcessor$createBeansAndStartActions-1520831253.deploy(FlywayProcessor$createBeansAndStartActions-1520831253.zig:36)
	at io.quarkus.runner.ApplicationImpl.doStart(ApplicationImpl.zig:372)
	at io.quarkus.runtime.Application.start(Application.java:90)
	at java.base/jdk.internal.reflect.NativeMethodAccessorImpl.invoke0(Native Method)
	at java.base/jdk.internal.reflect.NativeMethodAccessorImpl.invoke(NativeMethodAccessorImpl.java:62)
	at java.base/jdk.internal.reflect.DelegatingMethodAccessorImpl.invoke(DelegatingMethodAccessorImpl.java:43)
	at java.base/java.lang.reflect.Method.invoke(Method.java:566)
	at io.quarkus.runner.bootstrap.StartupActionImpl.run(StartupActionImpl.java:222)
	at io.quarkus.test.junit.QuarkusTestExtension.doJavaStart(QuarkusTestExtension.java:156)
	at io.quarkus.test.junit.QuarkusTestExtension.ensureStarted(QuarkusTestExtension.java:302)
	at io.quarkus.test.junit.QuarkusTestExtension.beforeAll(QuarkusTestExtension.java:325)
	at org.junit.jupiter.engine.descriptor.ClassBasedTestDescriptor.lambda$invokeBeforeAllCallbacks$7(ClassBasedTestDescriptor.java:359)
	at org.junit.platform.engine.support.hierarchical.ThrowableCollector.execute(ThrowableCollector.java:73)
	at org.junit.jupiter.engine.descriptor.ClassBasedTestDescriptor.invokeBeforeAllCallbacks(ClassBasedTestDescriptor.java:359)
	at org.junit.jupiter.engine.descriptor.ClassBasedTestDescriptor.before(ClassBasedTestDescriptor.java:189)
	at org.junit.jupiter.engine.descriptor.ClassBasedTestDescriptor.before(ClassBasedTestDescriptor.java:78)
	at org.junit.platform.engine.support.hierarchical.NodeTestTask.lambda$executeRecursively$5(NodeTestTask.java:132)
	at org.junit.platform.engine.support.hierarchical.ThrowableCollector.execute(ThrowableCollector.java:73)
	at org.junit.platform.engine.support.hierarchical.NodeTestTask.lambda$executeRecursively$7(NodeTestTask.java:125)
	at org.junit.platform.engine.support.hierarchical.Node.around(Node.java:135)
	at org.junit.platform.engine.support.hierarchical.NodeTestTask.lambda$executeRecursively$8(NodeTestTask.java:123)
	at org.junit.platform.engine.support.hierarchical.ThrowableCollector.execute(ThrowableCollector.java:73)
	at org.junit.platform.engine.support.hierarchical.NodeTestTask.executeRecursively(NodeTestTask.java:122)
	at org.junit.platform.engine.support.hierarchical.NodeTestTask.execute(NodeTestTask.java:80)
	at java.base/java.util.ArrayList.forEach(ArrayList.java:1541)
	at org.junit.platform.engine.support.hierarchical.SameThreadHierarchicalTestExecutorService.invokeAll(SameThreadHierarchicalTestExecutorService.java:38)
	at org.junit.platform.engine.support.hierarchical.NodeTestTask.lambda$executeRecursively$5(NodeTestTask.java:139)
	at org.junit.platform.engine.support.hierarchical.ThrowableCollector.execute(ThrowableCollector.java:73)
	at org.junit.platform.engine.support.hierarchical.NodeTestTask.lambda$executeRecursively$7(NodeTestTask.java:125)
	at org.junit.platform.engine.support.hierarchical.Node.around(Node.java:135)
	at org.junit.platform.engine.support.hierarchical.NodeTestTask.lambda$executeRecursively$8(NodeTestTask.java:123)
	at org.junit.platform.engine.support.hierarchical.ThrowableCollector.execute(ThrowableCollector.java:73)
	at org.junit.platform.engine.support.hierarchical.NodeTestTask.executeRecursively(NodeTestTask.java:122)
	at org.junit.platform.engine.support.hierarchical.NodeTestTask.execute(NodeTestTask.java:80)
	at org.junit.platform.engine.support.hierarchical.SameThreadHierarchicalTestExecutorService.submit(SameThreadHierarchicalTestExecutorService.java:32)
	at org.junit.platform.engine.support.hierarchical.HierarchicalTestExecutor.execute(HierarchicalTestExecutor.java:57)
	at org.junit.platform.engine.support.hierarchical.HierarchicalTestEngine.execute(HierarchicalTestEngine.java:51)
	at org.junit.platform.launcher.core.DefaultLauncher.execute(DefaultLauncher.java:220)
	at org.junit.platform.launcher.core.DefaultLauncher.lambda$execute$6(DefaultLauncher.java:188)
	at org.junit.platform.launcher.core.DefaultLauncher.withInterceptedStreams(DefaultLauncher.java:202)
	at org.junit.platform.launcher.core.DefaultLauncher.execute(DefaultLauncher.java:181)
	at org.junit.platform.launcher.core.DefaultLauncher.execute(DefaultLauncher.java:128)
	at org.apache.maven.surefire.junitplatform.JUnitPlatformProvider.invokeAllTests(JUnitPlatformProvider.java:142)
	at org.apache.maven.surefire.junitplatform.JUnitPlatformProvider.invoke(JUnitPlatformProvider.java:117)
	at org.apache.maven.surefire.booter.ForkedBooter.invokeProviderInSameClassLoader(ForkedBooter.java:384)
	at org.apache.maven.surefire.booter.ForkedBooter.runSuitesInProcess(ForkedBooter.java:345)
	at org.apache.maven.surefire.booter.ForkedBooter.execute(ForkedBooter.java:126)
	at org.apache.maven.surefire.booter.ForkedBooter.main(ForkedBooter.java:418)
Caused by: org.postgresql.util.PSQLException: Connection to localhost:5432 refused. Check that the hostname and port are correct and that the postmaster is accepting TCP/IP connections.
	at org.postgresql.core.v3.ConnectionFactoryImpl.openConnectionImpl(ConnectionFactoryImpl.java:285)
	at org.postgresql.core.ConnectionFactory.openConnection(ConnectionFactory.java:49)
	at org.postgresql.jdbc.PgConnection.<init>(PgConnection.java:211)
	at org.postgresql.Driver.makeConnection(Driver.java:459)
	at org.postgresql.Driver.connect(Driver.java:261)
	at io.agroal.pool.ConnectionFactory.createConnection(ConnectionFactory.java:200)
	at io.agroal.pool.ConnectionPool$CreateConnectionTask.call(ConnectionPool.java:419)
	at io.agroal.pool.ConnectionPool$CreateConnectionTask.call(ConnectionPool.java:401)
	at java.base/java.util.concurrent.FutureTask.run(FutureTask.java:264)
	at io.agroal.pool.util.PriorityScheduledExecutor.beforeExecute(PriorityScheduledExecutor.java:65)
	at java.base/java.util.concurrent.ThreadPoolExecutor.runWorker(ThreadPoolExecutor.java:1126)
	at java.base/java.util.concurrent.ThreadPoolExecutor$Worker.run(ThreadPoolExecutor.java:628)
	at java.base/java.lang.Thread.run(Thread.java:834)
Caused by: java.net.ConnectException: Connection refused (Connection refused)
	at java.base/java.net.PlainSocketImpl.socketConnect(Native Method)
	at java.base/java.net.AbstractPlainSocketImpl.doConnect(AbstractPlainSocketImpl.java:399)
	at java.base/java.net.AbstractPlainSocketImpl.connectToAddress(AbstractPlainSocketImpl.java:242)
	at java.base/java.net.AbstractPlainSocketImpl.connect(AbstractPlainSocketImpl.java:224)
	at java.base/java.net.SocksSocketImpl.connect(SocksSocketImpl.java:392)
	at java.base/java.net.Socket.connect(Socket.java:609)
	at org.postgresql.core.PGStream.<init>(PGStream.java:81)
	at org.postgresql.core.v3.ConnectionFactoryImpl.tryConnect(ConnectionFactoryImpl.java:93)
	at org.postgresql.core.v3.ConnectionFactoryImpl.openConnectionImpl(ConnectionFactoryImpl.java:197)
	... 12 more

2021-03-24 02:08:19,012 WARN  [io.qua.arc.impl] (main) An error occurred during delivery of the @BeforeDestroyed(ApplicationScoped.class) event: java.lang.RuntimeException: Error injecting io.vertx.core.Vertx io.quarkus.vertx.runtime.VertxProducer.vertx
	at io.quarkus.vertx.runtime.VertxProducer_Bean.create(VertxProducer_Bean.zig:184)
	at io.quarkus.vertx.runtime.VertxProducer_Bean.create(VertxProducer_Bean.zig:207)
	at io.quarkus.arc.impl.AbstractSharedContext.createInstanceHandle(AbstractSharedContext.java:79)
	at io.quarkus.arc.impl.ComputingCache$CacheFunction.lambda$apply$0(ComputingCache.java:99)
	at io.quarkus.arc.impl.LazyValue.get(LazyValue.java:26)
	at io.quarkus.arc.impl.ComputingCache.getValue(ComputingCache.java:41)
	at io.quarkus.arc.impl.AbstractSharedContext.get(AbstractSharedContext.java:25)
	at io.quarkus.vertx.runtime.VertxProducer_Observer_undeployVerticles_6c35d3711ebba9d08b6c8e00b1efff20d3c04de0.notify(VertxProducer_Observer_undeployVerticles_6c35d3711ebba9d08b6c8e00b1efff20d3c04de0.zig:211)
	at io.quarkus.arc.impl.EventImpl$Notifier.notifyObservers(EventImpl.java:282)
	at io.quarkus.arc.impl.EventImpl$Notifier.notify(EventImpl.java:267)
	at io.quarkus.arc.impl.EventImpl$Notifier.notify(EventImpl.java:217)
	at io.quarkus.arc.impl.ArcContainerImpl.shutdown(ArcContainerImpl.java:323)
	at io.quarkus.arc.Arc.shutdown(Arc.java:49)
	at io.quarkus.arc.runtime.ArcRecorder$1.run(ArcRecorder.java:39)
	at io.quarkus.runtime.StartupContext.runAllInReverseOrder(StartupContext.java:82)
	at io.quarkus.runtime.StartupContext.close(StartupContext.java:71)
	at io.quarkus.runner.ApplicationImpl.doStart(ApplicationImpl.zig:539)
	at io.quarkus.runtime.Application.start(Application.java:90)
	at java.base/jdk.internal.reflect.NativeMethodAccessorImpl.invoke0(Native Method)
	at java.base/jdk.internal.reflect.NativeMethodAccessorImpl.invoke(NativeMethodAccessorImpl.java:62)
	at java.base/jdk.internal.reflect.DelegatingMethodAccessorImpl.invoke(DelegatingMethodAccessorImpl.java:43)
	at java.base/java.lang.reflect.Method.invoke(Method.java:566)
	at io.quarkus.runner.bootstrap.StartupActionImpl.run(StartupActionImpl.java:222)
	at io.quarkus.test.junit.QuarkusTestExtension.doJavaStart(QuarkusTestExtension.java:156)
	at io.quarkus.test.junit.QuarkusTestExtension.ensureStarted(QuarkusTestExtension.java:302)
	at io.quarkus.test.junit.QuarkusTestExtension.beforeAll(QuarkusTestExtension.java:325)
	at org.junit.jupiter.engine.descriptor.ClassBasedTestDescriptor.lambda$invokeBeforeAllCallbacks$7(ClassBasedTestDescriptor.java:359)
	at org.junit.platform.engine.support.hierarchical.ThrowableCollector.execute(ThrowableCollector.java:73)
	at org.junit.jupiter.engine.descriptor.ClassBasedTestDescriptor.invokeBeforeAllCallbacks(ClassBasedTestDescriptor.java:359)
	at org.junit.jupiter.engine.descriptor.ClassBasedTestDescriptor.before(ClassBasedTestDescriptor.java:189)
	at org.junit.jupiter.engine.descriptor.ClassBasedTestDescriptor.before(ClassBasedTestDescriptor.java:78)
	at org.junit.platform.engine.support.hierarchical.NodeTestTask.lambda$executeRecursively$5(NodeTestTask.java:132)
	at org.junit.platform.engine.support.hierarchical.ThrowableCollector.execute(ThrowableCollector.java:73)
	at org.junit.platform.engine.support.hierarchical.NodeTestTask.lambda$executeRecursively$7(NodeTestTask.java:125)
	at org.junit.platform.engine.support.hierarchical.Node.around(Node.java:135)
	at org.junit.platform.engine.support.hierarchical.NodeTestTask.lambda$executeRecursively$8(NodeTestTask.java:123)
	at org.junit.platform.engine.support.hierarchical.ThrowableCollector.execute(ThrowableCollector.java:73)
	at org.junit.platform.engine.support.hierarchical.NodeTestTask.executeRecursively(NodeTestTask.java:122)
	at org.junit.platform.engine.support.hierarchical.NodeTestTask.execute(NodeTestTask.java:80)
	at java.base/java.util.ArrayList.forEach(ArrayList.java:1541)
	at org.junit.platform.engine.support.hierarchical.SameThreadHierarchicalTestExecutorService.invokeAll(SameThreadHierarchicalTestExecutorService.java:38)
	at org.junit.platform.engine.support.hierarchical.NodeTestTask.lambda$executeRecursively$5(NodeTestTask.java:139)
	at org.junit.platform.engine.support.hierarchical.ThrowableCollector.execute(ThrowableCollector.java:73)
	at org.junit.platform.engine.support.hierarchical.NodeTestTask.lambda$executeRecursively$7(NodeTestTask.java:125)
	at org.junit.platform.engine.support.hierarchical.Node.around(Node.java:135)
	at org.junit.platform.engine.support.hierarchical.NodeTestTask.lambda$executeRecursively$8(NodeTestTask.java:123)
	at org.junit.platform.engine.support.hierarchical.ThrowableCollector.execute(ThrowableCollector.java:73)
	at org.junit.platform.engine.support.hierarchical.NodeTestTask.executeRecursively(NodeTestTask.java:122)
	at org.junit.platform.engine.support.hierarchical.NodeTestTask.execute(NodeTestTask.java:80)
	at org.junit.platform.engine.support.hierarchical.SameThreadHierarchicalTestExecutorService.submit(SameThreadHierarchicalTestExecutorService.java:32)
	at org.junit.platform.engine.support.hierarchical.HierarchicalTestExecutor.execute(HierarchicalTestExecutor.java:57)
	at org.junit.platform.engine.support.hierarchical.HierarchicalTestEngine.execute(HierarchicalTestEngine.java:51)
	at org.junit.platform.launcher.core.DefaultLauncher.execute(DefaultLauncher.java:220)
	at org.junit.platform.launcher.core.DefaultLauncher.lambda$execute$6(DefaultLauncher.java:188)
	at org.junit.platform.launcher.core.DefaultLauncher.withInterceptedStreams(DefaultLauncher.java:202)
	at org.junit.platform.launcher.core.DefaultLauncher.execute(DefaultLauncher.java:181)
	at org.junit.platform.launcher.core.DefaultLauncher.execute(DefaultLauncher.java:128)
	at org.apache.maven.surefire.junitplatform.JUnitPlatformProvider.invokeAllTests(JUnitPlatformProvider.java:142)
	at org.apache.maven.surefire.junitplatform.JUnitPlatformProvider.invoke(JUnitPlatformProvider.java:117)
	at org.apache.maven.surefire.booter.ForkedBooter.invokeProviderInSameClassLoader(ForkedBooter.java:384)
	at org.apache.maven.surefire.booter.ForkedBooter.runSuitesInProcess(ForkedBooter.java:345)
	at org.apache.maven.surefire.booter.ForkedBooter.execute(ForkedBooter.java:126)
	at org.apache.maven.surefire.booter.ForkedBooter.main(ForkedBooter.java:418)
Caused by: javax.enterprise.inject.CreationException: Synthetic bean instance not initialized yet: io_vertx_core_Vertx_97d170e1550eee4afc0af065b78cda302a97674c
	at io.vertx.core.Vertx_7c31d5064e6d5db248fafa10f188ca6323f3f983_Synthetic_Bean.create(Vertx_7c31d5064e6d5db248fafa10f188ca6323f3f983_Synthetic_Bean.zig:115)
	at io.vertx.core.Vertx_7c31d5064e6d5db248fafa10f188ca6323f3f983_Synthetic_Bean.create(Vertx_7c31d5064e6d5db248fafa10f188ca6323f3f983_Synthetic_Bean.zig:138)
	at io.quarkus.arc.impl.AbstractSharedContext.createInstanceHandle(AbstractSharedContext.java:79)
	at io.quarkus.arc.impl.ComputingCache$CacheFunction.lambda$apply$0(ComputingCache.java:99)
	at io.quarkus.arc.impl.LazyValue.get(LazyValue.java:26)
	at io.quarkus.arc.impl.ComputingCache.getValue(ComputingCache.java:41)
	at io.quarkus.arc.impl.AbstractSharedContext.get(AbstractSharedContext.java:25)
	at io.vertx.core.Vertx_7c31d5064e6d5db248fafa10f188ca6323f3f983_Synthetic_Bean.get(Vertx_7c31d5064e6d5db248fafa10f188ca6323f3f983_Synthetic_Bean.zig:170)
	at io.vertx.core.Vertx_7c31d5064e6d5db248fafa10f188ca6323f3f983_Synthetic_Bean.get(Vertx_7c31d5064e6d5db248fafa10f188ca6323f3f983_Synthetic_Bean.zig:186)
	at io.quarkus.vertx.runtime.VertxProducer_Bean.create(VertxProducer_Bean.zig:167)
	... 62 more

2021-03-24 02:08:19,013 INFO  [io.sma.rea.mes.ext.MediatorManager] (main) Cancel subscriptions
]]></system-out>
  </testcase>
</testsuite>